<?xml version="1.0" encoding="UTF-8"?>
<!-- Generated by org.testng.reporters.JUnitReportReporter -->
<testsuite skipped="0" hostname="admin-PC" name="com.TestCase.Patient_Profile_Age.category_brand_custom_TestCase" tests="1" failures="0" timestamp="10 Feb 2020 08:27:45 GMT" time="459.796" errors="0">
  <testcase name="brand_custom_TestCase" time="459.796" classname="com.TestCase.Patient_Profile_Age.category_brand_custom_TestCase"/>
</testsuite> <!-- com.TestCase.Patient_Profile_Age.category_brand_custom_TestCase -->
