<?xml version="1.0" encoding="UTF-8"?>
<!-- Generated by org.testng.reporters.JUnitReportReporter -->
<testsuite skipped="2" hostname="admin-PC" name="com.TestCase.Login.Login_TestCase" tests="4" failures="0" timestamp="10 Feb 2020 12:10:13 GMT" time="36.487" errors="0">
  <testcase name="Url_Hit" time="16.205" classname="com.TestCase.Login.Login_TestCase"/>
  <testcase name="With_Username_Password" time="20.282" classname="com.TestCase.Login.Login_TestCase"/>
  <testcase name="Without_Password" classname="com.TestCase.Login.Login_TestCase">
    <skipped/>
  </testcase> <!-- Without_Password -->
  <testcase name="Without_UserName" classname="com.TestCase.Login.Login_TestCase">
    <skipped/>
  </testcase> <!-- Without_UserName -->
</testsuite> <!-- com.TestCase.Login.Login_TestCase -->
