<?xml version="1.0" encoding="UTF-8"?>
<!-- Generated by org.testng.reporters.JUnitReportReporter -->
<testsuite skipped="0" hostname="admin-PC" name="com.TestCase.Patient_Profile_Age.Patient_Profile_Age_TestCase" tests="1" failures="0" timestamp="04 Feb 2020 01:48:19 GMT" time="134.650" errors="0">
  <testcase name="Hyperlink_Patient_Profile" time="134.650" classname="com.TestCase.Patient_Profile_Age.Patient_Profile_Age_TestCase"/>
</testsuite> <!-- com.TestCase.Patient_Profile_Age.Patient_Profile_Age_TestCase -->
