<?xml version="1.0" encoding="UTF-8"?>
<!-- Generated by org.testng.reporters.JUnitReportReporter -->
<testsuite skipped="0" hostname="admin-PC" name="com.TestCase.Sidepanel.Sidepanel_TestCase" tests="1" failures="0" timestamp="17 Jan 2020 14:54:53 GMT" time="44.972" errors="0">
  <testcase name="Details" time="44.972" classname="com.TestCase.Sidepanel.Sidepanel_TestCase"/>
</testsuite> <!-- com.TestCase.Sidepanel.Sidepanel_TestCase -->
