<?xml version="1.0" encoding="UTF-8"?>
<!-- Generated by org.testng.reporters.JUnitReportReporter -->
<testsuite skipped="0" hostname="admin-PC" name="com.TestCase.Sidepanel.Sidepanel_TestCase" tests="1" failures="0" timestamp="04 Feb 2020 03:11:52 GMT" time="40.806" errors="0">
  <testcase name="Details" time="40.806" classname="com.TestCase.Sidepanel.Sidepanel_TestCase"/>
</testsuite> <!-- com.TestCase.Sidepanel.Sidepanel_TestCase -->
