<?xml version="1.0" encoding="UTF-8"?>
<!-- Generated by org.testng.reporters.JUnitReportReporter -->
<testsuite skipped="0" hostname="admin-PC" name="com.TestCase.Patient_Profile_Age.category_brand_custom_TestCase" tests="1" failures="0" timestamp="04 Feb 2020 03:11:52 GMT" time="212.688" errors="0">
  <testcase name="brand_custom_TestCase" time="212.688" classname="com.TestCase.Patient_Profile_Age.category_brand_custom_TestCase"/>
</testsuite> <!-- com.TestCase.Patient_Profile_Age.category_brand_custom_TestCase -->
