<?xml version="1.0" encoding="UTF-8"?>
<!-- Generated by org.testng.reporters.JUnitReportReporter -->
<testsuite skipped="0" hostname="admin-PC" name="com.TestCase.Categry_Mol.Categry_Mol_S_TestCase" tests="1" failures="0" timestamp="17 Jan 2020 14:54:53 GMT" time="119.471" errors="0">
  <testcase name="Categry_Mol" time="119.471" classname="com.TestCase.Categry_Mol.Categry_Mol_S_TestCase"/>
</testsuite> <!-- com.TestCase.Categry_Mol.Categry_Mol_S_TestCase -->
