<?xml version="1.0" encoding="UTF-8"?>
<!-- Generated by org.testng.reporters.JUnitReportReporter -->
<testsuite skipped="0" hostname="admin-PC" name="com.TestCase.Sidepanel.Sidepanel_TestCase" tests="1" failures="0" timestamp="14 Jan 2020 14:30:20 GMT" time="52.529" errors="0">
  <testcase name="Details" time="52.529" classname="com.TestCase.Sidepanel.Sidepanel_TestCase"/>
</testsuite> <!-- com.TestCase.Sidepanel.Sidepanel_TestCase -->
