<?xml version="1.0" encoding="UTF-8"?>
<!-- Generated by org.testng.reporters.JUnitReportReporter -->
<testsuite skipped="2" hostname="admin-PC" name="com.TestCase.Login.Login_TestCase" tests="4" failures="0" timestamp="14 Jan 2020 14:30:20 GMT" time="52.150" errors="0">
  <testcase name="Url_Hit" time="21.887" classname="com.TestCase.Login.Login_TestCase"/>
  <testcase name="With_Username_Password" time="30.263" classname="com.TestCase.Login.Login_TestCase"/>
  <testcase name="Without_Password" classname="com.TestCase.Login.Login_TestCase">
    <skipped/>
  </testcase> <!-- Without_Password -->
  <testcase name="Without_UserName" classname="com.TestCase.Login.Login_TestCase">
    <skipped/>
  </testcase> <!-- Without_UserName -->
</testsuite> <!-- com.TestCase.Login.Login_TestCase -->
